[2025-06-17 20:37:39] commit to darkness
[2025-06-17 20:37:40] add shadow notes
[2025-06-17 20:38:08] optimize void cycle
[2025-06-17 20:38:08] enhance crypt.sh
[2025-06-17 20:38:08] adjust alpha ops
[2025-06-17 20:38:35] update wolf.log
[2025-06-17 20:38:35] refactor daemon
[2025-06-17 20:39:01] commit to darkness
[2025-06-17 20:39:02] commit to darkness
[2025-06-17 20:39:28] refactor daemon
[2025-06-17 20:39:29] refactor daemon
[2025-06-17 20:39:56] adjust alpha ops
[2025-06-17 20:39:56] optimize void cycle
[2025-06-17 20:40:23] add shadow notes
[2025-06-17 20:40:23] enhance crypt.sh
[2025-06-17 20:40:23] remove weak patch
[2025-06-17 20:40:51] update wolf.log
[2025-06-17 20:40:51] remove weak patch
[2025-06-17 20:40:52] remove weak patch
[2025-06-17 20:41:18] adjust alpha ops
[2025-06-17 20:41:46] optimize void cycle
[2025-06-17 20:41:46] optimize void cycle
[2025-06-17 20:41:47] dark override initialized
[2025-06-17 20:42:19] adjust alpha ops
[2025-06-17 20:42:20] update wolf.log
[2025-06-17 20:42:52] update wolf.log
[2025-06-17 20:43:25] add shadow notes
